<?xml version="1.0" encoding="UTF-8"?>
<!-- Generated by org.testng.reporters.JUnitXMLReporter -->
<testsuite ignored="0" hostname="DESKTOP-UUTK1KU" failures="0" tests="4" name="Default test" time="5.505" errors="0" timestamp="2023-08-25T00:25:00 IST">
  <testcase classname="capstoneproject.SportyShoes" name="createPayLoad" time="1.846"/>
  <testcase classname="capstoneproject.SportyShoes" name="RetriveAllProdList" time="2.251"/>
  <testcase classname="capstoneproject.SportyShoes" name="RetriveAllRegUsersList" time="0.037"/>
  <testcase classname="capstoneproject.SportyShoes" name="AddTheProduct" time="1.031"/>
</testsuite> <!-- Default test -->
