<?xml version="1.0" encoding="UTF-8"?>
<testng-results ignored="0" total="1" passed="1" failed="0" skipped="0">
  <reporter-output>
  </reporter-output>
  <suite started-at="2023-08-25T00:08:34 IST" name="Default suite" finished-at="2023-08-25T00:08:53 IST" duration-ms="19933">
    <groups>
    </groups>
    <test started-at="2023-08-25T00:08:34 IST" name="Default test" finished-at="2023-08-25T00:08:53 IST" duration-ms="19933">
      <class name="sportyshoes.teststeps.BuySportyShoesTest">
        <test-method is-config="true" signature="launchApplication()[pri:0, instance:sportyshoes.teststeps.BuySportyShoesTest@2e8c1c9b]" started-at="2023-08-25T00:08:34 IST" name="launchApplication" finished-at="2023-08-25T00:08:46 IST" duration-ms="12904" status="PASS">
          <reporter-output>
          </reporter-output>
        </test-method> <!-- launchApplication -->
        <test-method signature="buyShoes()[pri:0, instance:sportyshoes.teststeps.BuySportyShoesTest@2e8c1c9b]" started-at="2023-08-25T00:08:47 IST" name="buyShoes" finished-at="2023-08-25T00:08:53 IST" duration-ms="6578" status="PASS">
          <reporter-output>
          </reporter-output>
        </test-method> <!-- buyShoes -->
        <test-method is-config="true" signature="closeBrowser()[pri:0, instance:sportyshoes.teststeps.BuySportyShoesTest@2e8c1c9b]" started-at="2023-08-25T00:08:53 IST" name="closeBrowser" finished-at="2023-08-25T00:08:53 IST" duration-ms="385" status="PASS">
          <reporter-output>
          </reporter-output>
        </test-method> <!-- closeBrowser -->
      </class> <!-- sportyshoes.teststeps.BuySportyShoesTest -->
    </test> <!-- Default test -->
  </suite> <!-- Default suite -->
</testng-results>
